#Build: Fabric Compiler 2020.3-Lite, Build 71107, Mar 15 18:01 2021
#Install: D:\PDS\PDS_2020.3-Lite\bin
#Application name: pds_shell.exe
#OS: Windows 10 10.0.19044
#Hostname: LAPTOP-UFBUMM9D
Generated by Fabric Compiler (version 2020.3-Lite build 71107) at Sat Feb 25 20:48:21 2023
Compiling verification operator library.
Loading technology operator library.
Compiling technology operator library.
Compiling technology operator (valence) library.
I: Enable Verilog2k features and keywords
Executing : .rtl_analyze -include_path {D:/CD_20210223/demo/hdmi-chusai/hdmi_test} D:/CD_20210223/demo/hdmi-chusai/hdmi_test/source/source/color_bar.v
I: Verilog-0001: Analyzing file D:/CD_20210223/demo/hdmi-chusai/hdmi_test/source/source/color_bar.v
I: Verilog-0002: [D:/CD_20210223/demo/hdmi-chusai/hdmi_test/source/source/color_bar.v(line number: 2)] Analyzing module color_bar (library work)
Parsing done.
Executing : .rtl_analyze -include_path {D:/CD_20210223/demo/hdmi-chusai/hdmi_test} D:/CD_20210223/demo/hdmi-chusai/hdmi_test/source/source/color_bar.v successfully.
Executing : .rtl_analyze -include_path {D:/CD_20210223/demo/hdmi-chusai/hdmi_test} D:/CD_20210223/demo/hdmi-chusai/hdmi_test/source/source/top.v
I: Verilog-0001: Analyzing file D:/CD_20210223/demo/hdmi-chusai/hdmi_test/source/source/top.v
I: Verilog-0002: [D:/CD_20210223/demo/hdmi-chusai/hdmi_test/source/source/top.v(line number: 2)] Analyzing module top (library work)
Parsing done.
Executing : .rtl_analyze -include_path {D:/CD_20210223/demo/hdmi-chusai/hdmi_test} D:/CD_20210223/demo/hdmi-chusai/hdmi_test/source/source/top.v successfully.
Executing : .rtl_analyze -include_path {D:/CD_20210223/demo/hdmi-chusai/hdmi_test} D:/CD_20210223/demo/hdmi-chusai/hdmi_test/source/source/video_define.v
I: Verilog-0001: Analyzing file D:/CD_20210223/demo/hdmi-chusai/hdmi_test/source/source/video_define.v
Parsing done.
Executing : .rtl_analyze -include_path {D:/CD_20210223/demo/hdmi-chusai/hdmi_test} D:/CD_20210223/demo/hdmi-chusai/hdmi_test/source/source/video_define.v successfully.
Executing : .rtl_analyze -include_path {D:/CD_20210223/demo/hdmi-chusai/hdmi_test} D:/CD_20210223/demo/hdmi-chusai/hdmi_test/source/dvi_tx/dvi_encoder.v
I: Verilog-0001: Analyzing file D:/CD_20210223/demo/hdmi-chusai/hdmi_test/source/dvi_tx/dvi_encoder.v
I: Verilog-0002: [D:/CD_20210223/demo/hdmi-chusai/hdmi_test/source/dvi_tx/dvi_encoder.v(line number: 2)] Analyzing module dvi_encoder (library work)
Parsing done.
Executing : .rtl_analyze -include_path {D:/CD_20210223/demo/hdmi-chusai/hdmi_test} D:/CD_20210223/demo/hdmi-chusai/hdmi_test/source/dvi_tx/dvi_encoder.v successfully.
Executing : .rtl_analyze -include_path {D:/CD_20210223/demo/hdmi-chusai/hdmi_test} D:/CD_20210223/demo/hdmi-chusai/hdmi_test/source/dvi_tx/encode.v
I: Verilog-0001: Analyzing file D:/CD_20210223/demo/hdmi-chusai/hdmi_test/source/dvi_tx/encode.v
I: Verilog-0002: [D:/CD_20210223/demo/hdmi-chusai/hdmi_test/source/dvi_tx/encode.v(line number: 46)] Analyzing module encode (library work)
Parsing done.
Executing : .rtl_analyze -include_path {D:/CD_20210223/demo/hdmi-chusai/hdmi_test} D:/CD_20210223/demo/hdmi-chusai/hdmi_test/source/dvi_tx/encode.v successfully.
Executing : .rtl_analyze -include_path {D:/CD_20210223/demo/hdmi-chusai/hdmi_test} D:/CD_20210223/demo/hdmi-chusai/hdmi_test/source/dvi_tx/serdes_4b_10to1.v
I: Verilog-0001: Analyzing file D:/CD_20210223/demo/hdmi-chusai/hdmi_test/source/dvi_tx/serdes_4b_10to1.v
I: Verilog-0002: [D:/CD_20210223/demo/hdmi-chusai/hdmi_test/source/dvi_tx/serdes_4b_10to1.v(line number: 3)] Analyzing module serdes_4b_10to1 (library work)
Parsing done.
Executing : .rtl_analyze -include_path {D:/CD_20210223/demo/hdmi-chusai/hdmi_test} D:/CD_20210223/demo/hdmi-chusai/hdmi_test/source/dvi_tx/serdes_4b_10to1.v successfully.
Executing : .rtl_analyze -include_path {D:/CD_20210223/demo/hdmi-chusai/hdmi_test} D:/CD_20210223/demo/hdmi-chusai/hdmi_test/source/usart_top.v
I: Verilog-0001: Analyzing file D:/CD_20210223/demo/hdmi-chusai/hdmi_test/source/usart_top.v
I: Verilog-0002: [D:/CD_20210223/demo/hdmi-chusai/hdmi_test/source/usart_top.v(line number: 1)] Analyzing module usart_top (library work)
Parsing done.
Executing : .rtl_analyze -include_path {D:/CD_20210223/demo/hdmi-chusai/hdmi_test} D:/CD_20210223/demo/hdmi-chusai/hdmi_test/source/usart_top.v successfully.
Executing : .rtl_analyze -include_path {D:/CD_20210223/demo/hdmi-chusai/hdmi_test} D:/CD_20210223/demo/hdmi-chusai/hdmi_test/source/usart_tx.v
I: Verilog-0001: Analyzing file D:/CD_20210223/demo/hdmi-chusai/hdmi_test/source/usart_tx.v
I: Verilog-0002: [D:/CD_20210223/demo/hdmi-chusai/hdmi_test/source/usart_tx.v(line number: 1)] Analyzing module usart_tx (library work)
Parsing done.
Executing : .rtl_analyze -include_path {D:/CD_20210223/demo/hdmi-chusai/hdmi_test} D:/CD_20210223/demo/hdmi-chusai/hdmi_test/source/usart_tx.v successfully.
Executing : .rtl_analyze -include_path {D:/CD_20210223/demo/hdmi-chusai/hdmi_test} D:/CD_20210223/demo/hdmi-chusai/hdmi_test/source/usart_rx.v
I: Verilog-0001: Analyzing file D:/CD_20210223/demo/hdmi-chusai/hdmi_test/source/usart_rx.v
I: Verilog-0002: [D:/CD_20210223/demo/hdmi-chusai/hdmi_test/source/usart_rx.v(line number: 1)] Analyzing module usart_rx (library work)
Parsing done.
Executing : .rtl_analyze -include_path {D:/CD_20210223/demo/hdmi-chusai/hdmi_test} D:/CD_20210223/demo/hdmi-chusai/hdmi_test/source/usart_rx.v successfully.
Executing : .rtl_analyze -include_path {D:/CD_20210223/demo/hdmi-chusai/hdmi_test} D:/CD_20210223/demo/hdmi-chusai/hdmi_test/ipcore/video_pll/video_pll.v
I: Verilog-0001: Analyzing file D:/CD_20210223/demo/hdmi-chusai/hdmi_test/ipcore/video_pll/video_pll.v
I: Verilog-0002: [D:/CD_20210223/demo/hdmi-chusai/hdmi_test/ipcore/video_pll/video_pll.v(line number: 20)] Analyzing module video_pll (library work)
Parsing done.
Executing : .rtl_analyze -include_path {D:/CD_20210223/demo/hdmi-chusai/hdmi_test} D:/CD_20210223/demo/hdmi-chusai/hdmi_test/ipcore/video_pll/video_pll.v successfully.
Start rtl-elaborate.
I: Module "top" is set as top module.
I: Verilog-0003: [D:/CD_20210223/demo/hdmi-chusai/hdmi_test/source/source/top.v(line number: 2)] Elaborating module top
I: Verilog-0003: [D:/PDS/PDS_2020.3-Lite/arch/vendor/pango/library/operator/gtp_lib.v(line number: 395)] Elaborating module GTP_CLKBUFG
I: Verilog-0003: [D:/CD_20210223/demo/hdmi-chusai/hdmi_test/source/source/color_bar.v(line number: 2)] Elaborating module color_bar
I: Verilog-0003: [D:/CD_20210223/demo/hdmi-chusai/hdmi_test/ipcore/video_pll/video_pll.v(line number: 20)] Elaborating module video_pll
I: Verilog-0003: [D:/PDS/PDS_2020.3-Lite/arch/vendor/pango/library/operator/gtp_lib.v(line number: 19818)] Elaborating module GTP_PLL_E1
W: Verilog-2021: [D:/CD_20210223/demo/hdmi-chusai/hdmi_test/ipcore/video_pll/video_pll.v(line number: 120)] Net clkfb in module video_pll does not have a driver, tie it to 0
W: Verilog-2021: [D:/CD_20210223/demo/hdmi-chusai/hdmi_test/ipcore/video_pll/video_pll.v(line number: 123)] Net pfden in module video_pll does not have a driver, tie it to 0
W: Verilog-2021: [D:/CD_20210223/demo/hdmi-chusai/hdmi_test/ipcore/video_pll/video_pll.v(line number: 124)] Net clkout0_gate in module video_pll does not have a driver, tie it to 0
W: Verilog-2021: [D:/CD_20210223/demo/hdmi-chusai/hdmi_test/ipcore/video_pll/video_pll.v(line number: 125)] Net clkout0_2pad_gate in module video_pll does not have a driver, tie it to 0
W: Verilog-2021: [D:/CD_20210223/demo/hdmi-chusai/hdmi_test/ipcore/video_pll/video_pll.v(line number: 126)] Net clkout1_gate in module video_pll does not have a driver, tie it to 0
W: Verilog-2021: [D:/CD_20210223/demo/hdmi-chusai/hdmi_test/ipcore/video_pll/video_pll.v(line number: 127)] Net clkout2_gate in module video_pll does not have a driver, tie it to 0
W: Verilog-2021: [D:/CD_20210223/demo/hdmi-chusai/hdmi_test/ipcore/video_pll/video_pll.v(line number: 128)] Net clkout3_gate in module video_pll does not have a driver, tie it to 0
W: Verilog-2021: [D:/CD_20210223/demo/hdmi-chusai/hdmi_test/ipcore/video_pll/video_pll.v(line number: 129)] Net clkout4_gate in module video_pll does not have a driver, tie it to 0
W: Verilog-2021: [D:/CD_20210223/demo/hdmi-chusai/hdmi_test/ipcore/video_pll/video_pll.v(line number: 130)] Net clkout5_gate in module video_pll does not have a driver, tie it to 0
W: Verilog-2021: [D:/CD_20210223/demo/hdmi-chusai/hdmi_test/ipcore/video_pll/video_pll.v(line number: 131)] Net dyn_idiv in module video_pll does not have a driver, tie it to 0
W: Verilog-2021: [D:/CD_20210223/demo/hdmi-chusai/hdmi_test/ipcore/video_pll/video_pll.v(line number: 132)] Net dyn_odiv0 in module video_pll does not have a driver, tie it to 0
W: Verilog-2021: [D:/CD_20210223/demo/hdmi-chusai/hdmi_test/ipcore/video_pll/video_pll.v(line number: 133)] Net dyn_odiv1 in module video_pll does not have a driver, tie it to 0
W: Verilog-2021: [D:/CD_20210223/demo/hdmi-chusai/hdmi_test/ipcore/video_pll/video_pll.v(line number: 134)] Net dyn_odiv2 in module video_pll does not have a driver, tie it to 0
W: Verilog-2021: [D:/CD_20210223/demo/hdmi-chusai/hdmi_test/ipcore/video_pll/video_pll.v(line number: 135)] Net dyn_odiv3 in module video_pll does not have a driver, tie it to 0
W: Verilog-2021: [D:/CD_20210223/demo/hdmi-chusai/hdmi_test/ipcore/video_pll/video_pll.v(line number: 136)] Net dyn_odiv4 in module video_pll does not have a driver, tie it to 0
W: Verilog-2021: [D:/CD_20210223/demo/hdmi-chusai/hdmi_test/ipcore/video_pll/video_pll.v(line number: 137)] Net dyn_fdiv in module video_pll does not have a driver, tie it to 0
W: Verilog-2021: [D:/CD_20210223/demo/hdmi-chusai/hdmi_test/ipcore/video_pll/video_pll.v(line number: 138)] Net dyn_duty0 in module video_pll does not have a driver, tie it to 0
W: Verilog-2021: [D:/CD_20210223/demo/hdmi-chusai/hdmi_test/ipcore/video_pll/video_pll.v(line number: 139)] Net dyn_duty1 in module video_pll does not have a driver, tie it to 0
W: Verilog-2021: [D:/CD_20210223/demo/hdmi-chusai/hdmi_test/ipcore/video_pll/video_pll.v(line number: 140)] Net dyn_duty2 in module video_pll does not have a driver, tie it to 0
W: Verilog-2021: [D:/CD_20210223/demo/hdmi-chusai/hdmi_test/ipcore/video_pll/video_pll.v(line number: 141)] Net dyn_duty3 in module video_pll does not have a driver, tie it to 0
W: Verilog-2021: [D:/CD_20210223/demo/hdmi-chusai/hdmi_test/ipcore/video_pll/video_pll.v(line number: 142)] Net dyn_duty4 in module video_pll does not have a driver, tie it to 0
W: Verilog-2020: [D:/CD_20210223/demo/hdmi-chusai/hdmi_test/ipcore/video_pll/video_pll.v(line number: 143)] Net dyn_phase0[0] in module video_pll does not have a driver, tie it to 0
W: Verilog-2020: [D:/CD_20210223/demo/hdmi-chusai/hdmi_test/ipcore/video_pll/video_pll.v(line number: 143)] Net dyn_phase0[1] in module video_pll does not have a driver, tie it to 0
W: Verilog-2020: [D:/CD_20210223/demo/hdmi-chusai/hdmi_test/ipcore/video_pll/video_pll.v(line number: 143)] Net dyn_phase0[2] in module video_pll does not have a driver, tie it to 0
W: Verilog-2020: [D:/CD_20210223/demo/hdmi-chusai/hdmi_test/ipcore/video_pll/video_pll.v(line number: 143)] Net dyn_phase0[3] in module video_pll does not have a driver, tie it to 0
W: Verilog-2020: [D:/CD_20210223/demo/hdmi-chusai/hdmi_test/ipcore/video_pll/video_pll.v(line number: 143)] Net dyn_phase0[4] in module video_pll does not have a driver, tie it to 0
W: Verilog-2020: [D:/CD_20210223/demo/hdmi-chusai/hdmi_test/ipcore/video_pll/video_pll.v(line number: 143)] Net dyn_phase0[5] in module video_pll does not have a driver, tie it to 0
W: Verilog-2020: [D:/CD_20210223/demo/hdmi-chusai/hdmi_test/ipcore/video_pll/video_pll.v(line number: 143)] Net dyn_phase0[6] in module video_pll does not have a driver, tie it to 0
W: Verilog-2020: [D:/CD_20210223/demo/hdmi-chusai/hdmi_test/ipcore/video_pll/video_pll.v(line number: 143)] Net dyn_phase0[7] in module video_pll does not have a driver, tie it to 0
W: Verilog-2020: [D:/CD_20210223/demo/hdmi-chusai/hdmi_test/ipcore/video_pll/video_pll.v(line number: 143)] Net dyn_phase0[8] in module video_pll does not have a driver, tie it to 0
W: Verilog-2020: [D:/CD_20210223/demo/hdmi-chusai/hdmi_test/ipcore/video_pll/video_pll.v(line number: 143)] Net dyn_phase0[9] in module video_pll does not have a driver, tie it to 0
W: Verilog-2020: [D:/CD_20210223/demo/hdmi-chusai/hdmi_test/ipcore/video_pll/video_pll.v(line number: 143)] Net dyn_phase0[10] in module video_pll does not have a driver, tie it to 0
W: Verilog-2020: [D:/CD_20210223/demo/hdmi-chusai/hdmi_test/ipcore/video_pll/video_pll.v(line number: 143)] Net dyn_phase0[11] in module video_pll does not have a driver, tie it to 0
W: Verilog-2020: [D:/CD_20210223/demo/hdmi-chusai/hdmi_test/ipcore/video_pll/video_pll.v(line number: 143)] Net dyn_phase0[12] in module video_pll does not have a driver, tie it to 0
W: Verilog-2020: [D:/CD_20210223/demo/hdmi-chusai/hdmi_test/ipcore/video_pll/video_pll.v(line number: 144)] Net dyn_phase1[0] in module video_pll does not have a driver, tie it to 0
W: Verilog-2020: [D:/CD_20210223/demo/hdmi-chusai/hdmi_test/ipcore/video_pll/video_pll.v(line number: 144)] Net dyn_phase1[1] in module video_pll does not have a driver, tie it to 0
W: Verilog-2020: [D:/CD_20210223/demo/hdmi-chusai/hdmi_test/ipcore/video_pll/video_pll.v(line number: 144)] Net dyn_phase1[2] in module video_pll does not have a driver, tie it to 0
W: Verilog-2020: [D:/CD_20210223/demo/hdmi-chusai/hdmi_test/ipcore/video_pll/video_pll.v(line number: 144)] Net dyn_phase1[3] in module video_pll does not have a driver, tie it to 0
W: Verilog-2020: [D:/CD_20210223/demo/hdmi-chusai/hdmi_test/ipcore/video_pll/video_pll.v(line number: 144)] Net dyn_phase1[4] in module video_pll does not have a driver, tie it to 0
W: Verilog-2020: [D:/CD_20210223/demo/hdmi-chusai/hdmi_test/ipcore/video_pll/video_pll.v(line number: 144)] Net dyn_phase1[5] in module video_pll does not have a driver, tie it to 0
W: Verilog-2020: [D:/CD_20210223/demo/hdmi-chusai/hdmi_test/ipcore/video_pll/video_pll.v(line number: 144)] Net dyn_phase1[6] in module video_pll does not have a driver, tie it to 0
W: Verilog-2020: [D:/CD_20210223/demo/hdmi-chusai/hdmi_test/ipcore/video_pll/video_pll.v(line number: 144)] Net dyn_phase1[7] in module video_pll does not have a driver, tie it to 0
W: Verilog-2020: [D:/CD_20210223/demo/hdmi-chusai/hdmi_test/ipcore/video_pll/video_pll.v(line number: 144)] Net dyn_phase1[8] in module video_pll does not have a driver, tie it to 0
W: Verilog-2020: [D:/CD_20210223/demo/hdmi-chusai/hdmi_test/ipcore/video_pll/video_pll.v(line number: 144)] Net dyn_phase1[9] in module video_pll does not have a driver, tie it to 0
W: Verilog-2020: [D:/CD_20210223/demo/hdmi-chusai/hdmi_test/ipcore/video_pll/video_pll.v(line number: 144)] Net dyn_phase1[10] in module video_pll does not have a driver, tie it to 0
W: Verilog-2020: [D:/CD_20210223/demo/hdmi-chusai/hdmi_test/ipcore/video_pll/video_pll.v(line number: 144)] Net dyn_phase1[11] in module video_pll does not have a driver, tie it to 0
W: Verilog-2020: [D:/CD_20210223/demo/hdmi-chusai/hdmi_test/ipcore/video_pll/video_pll.v(line number: 144)] Net dyn_phase1[12] in module video_pll does not have a driver, tie it to 0
W: Verilog-2020: [D:/CD_20210223/demo/hdmi-chusai/hdmi_test/ipcore/video_pll/video_pll.v(line number: 145)] Net dyn_phase2[0] in module video_pll does not have a driver, tie it to 0
W: Verilog-2020: [D:/CD_20210223/demo/hdmi-chusai/hdmi_test/ipcore/video_pll/video_pll.v(line number: 145)] Net dyn_phase2[1] in module video_pll does not have a driver, tie it to 0
W: Verilog-2020: [D:/CD_20210223/demo/hdmi-chusai/hdmi_test/ipcore/video_pll/video_pll.v(line number: 145)] Net dyn_phase2[2] in module video_pll does not have a driver, tie it to 0
W: Verilog-2020: [D:/CD_20210223/demo/hdmi-chusai/hdmi_test/ipcore/video_pll/video_pll.v(line number: 145)] Net dyn_phase2[3] in module video_pll does not have a driver, tie it to 0
W: Verilog-2020: [D:/CD_20210223/demo/hdmi-chusai/hdmi_test/ipcore/video_pll/video_pll.v(line number: 145)] Net dyn_phase2[4] in module video_pll does not have a driver, tie it to 0
W: Verilog-2020: [D:/CD_20210223/demo/hdmi-chusai/hdmi_test/ipcore/video_pll/video_pll.v(line number: 145)] Net dyn_phase2[5] in module video_pll does not have a driver, tie it to 0
W: Verilog-2020: [D:/CD_20210223/demo/hdmi-chusai/hdmi_test/ipcore/video_pll/video_pll.v(line number: 145)] Net dyn_phase2[6] in module video_pll does not have a driver, tie it to 0
W: Verilog-2020: [D:/CD_20210223/demo/hdmi-chusai/hdmi_test/ipcore/video_pll/video_pll.v(line number: 145)] Net dyn_phase2[7] in module video_pll does not have a driver, tie it to 0
W: Verilog-2020: [D:/CD_20210223/demo/hdmi-chusai/hdmi_test/ipcore/video_pll/video_pll.v(line number: 145)] Net dyn_phase2[8] in module video_pll does not have a driver, tie it to 0
W: Verilog-2020: [D:/CD_20210223/demo/hdmi-chusai/hdmi_test/ipcore/video_pll/video_pll.v(line number: 145)] Net dyn_phase2[9] in module video_pll does not have a driver, tie it to 0
W: Verilog-2020: [D:/CD_20210223/demo/hdmi-chusai/hdmi_test/ipcore/video_pll/video_pll.v(line number: 145)] Net dyn_phase2[10] in module video_pll does not have a driver, tie it to 0
W: Verilog-2020: [D:/CD_20210223/demo/hdmi-chusai/hdmi_test/ipcore/video_pll/video_pll.v(line number: 145)] Net dyn_phase2[11] in module video_pll does not have a driver, tie it to 0
W: Verilog-2020: [D:/CD_20210223/demo/hdmi-chusai/hdmi_test/ipcore/video_pll/video_pll.v(line number: 145)] Net dyn_phase2[12] in module video_pll does not have a driver, tie it to 0
W: Verilog-2020: [D:/CD_20210223/demo/hdmi-chusai/hdmi_test/ipcore/video_pll/video_pll.v(line number: 146)] Net dyn_phase3[0] in module video_pll does not have a driver, tie it to 0
W: Verilog-2020: [D:/CD_20210223/demo/hdmi-chusai/hdmi_test/ipcore/video_pll/video_pll.v(line number: 146)] Net dyn_phase3[1] in module video_pll does not have a driver, tie it to 0
W: Verilog-2020: [D:/CD_20210223/demo/hdmi-chusai/hdmi_test/ipcore/video_pll/video_pll.v(line number: 146)] Net dyn_phase3[2] in module video_pll does not have a driver, tie it to 0
W: Verilog-2020: [D:/CD_20210223/demo/hdmi-chusai/hdmi_test/ipcore/video_pll/video_pll.v(line number: 146)] Net dyn_phase3[3] in module video_pll does not have a driver, tie it to 0
W: Verilog-2020: [D:/CD_20210223/demo/hdmi-chusai/hdmi_test/ipcore/video_pll/video_pll.v(line number: 146)] Net dyn_phase3[4] in module video_pll does not have a driver, tie it to 0
W: Verilog-2020: [D:/CD_20210223/demo/hdmi-chusai/hdmi_test/ipcore/video_pll/video_pll.v(line number: 146)] Net dyn_phase3[5] in module video_pll does not have a driver, tie it to 0
W: Verilog-2020: [D:/CD_20210223/demo/hdmi-chusai/hdmi_test/ipcore/video_pll/video_pll.v(line number: 146)] Net dyn_phase3[6] in module video_pll does not have a driver, tie it to 0
W: Verilog-2020: [D:/CD_20210223/demo/hdmi-chusai/hdmi_test/ipcore/video_pll/video_pll.v(line number: 146)] Net dyn_phase3[7] in module video_pll does not have a driver, tie it to 0
W: Verilog-2020: [D:/CD_20210223/demo/hdmi-chusai/hdmi_test/ipcore/video_pll/video_pll.v(line number: 146)] Net dyn_phase3[8] in module video_pll does not have a driver, tie it to 0
W: Verilog-2020: [D:/CD_20210223/demo/hdmi-chusai/hdmi_test/ipcore/video_pll/video_pll.v(line number: 146)] Net dyn_phase3[9] in module video_pll does not have a driver, tie it to 0
W: Verilog-2020: [D:/CD_20210223/demo/hdmi-chusai/hdmi_test/ipcore/video_pll/video_pll.v(line number: 146)] Net dyn_phase3[10] in module video_pll does not have a driver, tie it to 0
W: Verilog-2020: [D:/CD_20210223/demo/hdmi-chusai/hdmi_test/ipcore/video_pll/video_pll.v(line number: 146)] Net dyn_phase3[11] in module video_pll does not have a driver, tie it to 0
W: Verilog-2020: [D:/CD_20210223/demo/hdmi-chusai/hdmi_test/ipcore/video_pll/video_pll.v(line number: 146)] Net dyn_phase3[12] in module video_pll does not have a driver, tie it to 0
W: Verilog-2020: [D:/CD_20210223/demo/hdmi-chusai/hdmi_test/ipcore/video_pll/video_pll.v(line number: 147)] Net dyn_phase4[0] in module video_pll does not have a driver, tie it to 0
W: Verilog-2020: [D:/CD_20210223/demo/hdmi-chusai/hdmi_test/ipcore/video_pll/video_pll.v(line number: 147)] Net dyn_phase4[1] in module video_pll does not have a driver, tie it to 0
W: Verilog-2020: [D:/CD_20210223/demo/hdmi-chusai/hdmi_test/ipcore/video_pll/video_pll.v(line number: 147)] Net dyn_phase4[2] in module video_pll does not have a driver, tie it to 0
W: Verilog-2020: [D:/CD_20210223/demo/hdmi-chusai/hdmi_test/ipcore/video_pll/video_pll.v(line number: 147)] Net dyn_phase4[3] in module video_pll does not have a driver, tie it to 0
W: Verilog-2020: [D:/CD_20210223/demo/hdmi-chusai/hdmi_test/ipcore/video_pll/video_pll.v(line number: 147)] Net dyn_phase4[4] in module video_pll does not have a driver, tie it to 0
W: Verilog-2020: [D:/CD_20210223/demo/hdmi-chusai/hdmi_test/ipcore/video_pll/video_pll.v(line number: 147)] Net dyn_phase4[5] in module video_pll does not have a driver, tie it to 0
W: Verilog-2020: [D:/CD_20210223/demo/hdmi-chusai/hdmi_test/ipcore/video_pll/video_pll.v(line number: 147)] Net dyn_phase4[6] in module video_pll does not have a driver, tie it to 0
W: Verilog-2020: [D:/CD_20210223/demo/hdmi-chusai/hdmi_test/ipcore/video_pll/video_pll.v(line number: 147)] Net dyn_phase4[7] in module video_pll does not have a driver, tie it to 0
W: Verilog-2020: [D:/CD_20210223/demo/hdmi-chusai/hdmi_test/ipcore/video_pll/video_pll.v(line number: 147)] Net dyn_phase4[8] in module video_pll does not have a driver, tie it to 0
W: Verilog-2020: [D:/CD_20210223/demo/hdmi-chusai/hdmi_test/ipcore/video_pll/video_pll.v(line number: 147)] Net dyn_phase4[9] in module video_pll does not have a driver, tie it to 0
W: Verilog-2020: [D:/CD_20210223/demo/hdmi-chusai/hdmi_test/ipcore/video_pll/video_pll.v(line number: 147)] Net dyn_phase4[10] in module video_pll does not have a driver, tie it to 0
W: Verilog-2020: [D:/CD_20210223/demo/hdmi-chusai/hdmi_test/ipcore/video_pll/video_pll.v(line number: 147)] Net dyn_phase4[11] in module video_pll does not have a driver, tie it to 0
W: Verilog-2020: [D:/CD_20210223/demo/hdmi-chusai/hdmi_test/ipcore/video_pll/video_pll.v(line number: 147)] Net dyn_phase4[12] in module video_pll does not have a driver, tie it to 0
W: Verilog-2021: [D:/CD_20210223/demo/hdmi-chusai/hdmi_test/ipcore/video_pll/video_pll.v(line number: 151)] Net icp_base in module video_pll does not have a driver, tie it to 0
W: Verilog-2021: [D:/CD_20210223/demo/hdmi-chusai/hdmi_test/ipcore/video_pll/video_pll.v(line number: 152)] Net icp_sel in module video_pll does not have a driver, tie it to 0
W: Verilog-2021: [D:/CD_20210223/demo/hdmi-chusai/hdmi_test/ipcore/video_pll/video_pll.v(line number: 153)] Net lpfres_sel in module video_pll does not have a driver, tie it to 0
W: Verilog-2021: [D:/CD_20210223/demo/hdmi-chusai/hdmi_test/ipcore/video_pll/video_pll.v(line number: 154)] Net cripple_sel in module video_pll does not have a driver, tie it to 0
W: Verilog-2021: [D:/CD_20210223/demo/hdmi-chusai/hdmi_test/ipcore/video_pll/video_pll.v(line number: 155)] Net phase_sel in module video_pll does not have a driver, tie it to 0
W: Verilog-2021: [D:/CD_20210223/demo/hdmi-chusai/hdmi_test/ipcore/video_pll/video_pll.v(line number: 156)] Net phase_dir in module video_pll does not have a driver, tie it to 0
W: Verilog-2021: [D:/CD_20210223/demo/hdmi-chusai/hdmi_test/ipcore/video_pll/video_pll.v(line number: 157)] Net phase_step_n in module video_pll does not have a driver, tie it to 0
W: Verilog-2021: [D:/CD_20210223/demo/hdmi-chusai/hdmi_test/ipcore/video_pll/video_pll.v(line number: 158)] Net load_phase in module video_pll does not have a driver, tie it to 0
W: Verilog-2021: [D:/CD_20210223/demo/hdmi-chusai/hdmi_test/ipcore/video_pll/video_pll.v(line number: 159)] Net dyn_mdiv in module video_pll does not have a driver, tie it to 0
I: Verilog-0003: [D:/CD_20210223/demo/hdmi-chusai/hdmi_test/source/dvi_tx/dvi_encoder.v(line number: 2)] Elaborating module dvi_encoder
I: Verilog-0003: [D:/CD_20210223/demo/hdmi-chusai/hdmi_test/source/dvi_tx/encode.v(line number: 46)] Elaborating module encode
I: Verilog-0003: [D:/CD_20210223/demo/hdmi-chusai/hdmi_test/source/dvi_tx/encode.v(line number: 46)] Elaborating module encode
I: Verilog-0003: [D:/CD_20210223/demo/hdmi-chusai/hdmi_test/source/dvi_tx/encode.v(line number: 46)] Elaborating module encode
I: Verilog-0003: [D:/CD_20210223/demo/hdmi-chusai/hdmi_test/source/dvi_tx/serdes_4b_10to1.v(line number: 3)] Elaborating module serdes_4b_10to1
I: Verilog-0003: [D:/PDS/PDS_2020.3-Lite/arch/vendor/pango/library/operator/gtp_lib.v(line number: 18517)] Elaborating module GTP_OSERDES
I: Verilog-0003: [D:/PDS/PDS_2020.3-Lite/arch/vendor/pango/library/operator/gtp_lib.v(line number: 18630)] Elaborating module GTP_OUTBUFT
I: Verilog-0003: [D:/CD_20210223/demo/hdmi-chusai/hdmi_test/source/usart_top.v(line number: 1)] Elaborating module usart_top
I: Verilog-0003: [D:/CD_20210223/demo/hdmi-chusai/hdmi_test/source/usart_tx.v(line number: 1)] Elaborating module usart_tx
I: Verilog-0003: [D:/CD_20210223/demo/hdmi-chusai/hdmi_test/source/usart_rx.v(line number: 1)] Elaborating module usart_rx
W: Verilog-2036: [D:/CD_20210223/demo/hdmi-chusai/hdmi_test/source/source/top.v(line number: 121)] Net sys_rst_n connected to input port of module instance has no driver, tie it to 0
W: Verilog-2021: [D:/CD_20210223/demo/hdmi-chusai/hdmi_test/source/source/top.v(line number: 26)] Net video_clk in module top does not have a driver, tie it to 0
Executing : rtl-elaborate successfully.
Start rtl-prep.
Executing : rtl-prep successfully.
Start rtl-infer.
Executing : rtl-infer successfully.
Start rtl-control-opt.
Executing : rtl-control-opt successfully.
Start rtl-data-opt.
Executing : rtl-data-opt successfully.
Start FSM inference.
Executing : FSM inference successfully.
Start sdm2adm.
I: Constant propagation done on N149 (bmsWIDEMUX).
I: Constant propagation done on N156 (bmsWIDEMUX).
I: Constant propagation done on N163 (bmsWIDEMUX).
I: Constant propagation done on N170 (bmsWIDEMUX).
I: Constant propagation done on N177 (bmsWIDEMUX).
I: Constant propagation done on N184 (bmsWIDEMUX).
I: Constant propagation done on N191 (bmsWIDEMUX).
I: Constant propagation done on N140 (bmsWIDEMUX).
I: Constant propagation done on N112 (bmsWIDEMUX).
Executing : sdm2adm successfully.
Saving design to DB.
Action compile: Real time elapsed is 6.000 sec
Action compile: CPU time elapsed is 6.047 sec
Current time: Sat Feb 25 20:48:24 2023
Action compile: Peak memory pool usage is 122,998,784 bytes
