#Build: Fabric Compiler 2020.3-Lite, Build 71107, Mar 15 18:01 2021
#Install: D:\PDS\PDS_2020.3-Lite\bin
#Application name: pds_shell.exe
#OS: Windows 10 10.0.19044
#Hostname: LAPTOP-UFBUMM9D
Generated by Fabric Compiler (version 2020.3-Lite build 71107) at Sun Feb 26 18:37:41 2023
Compiling verification operator library.
Compiling common defs.
Compiling prim grid devices.
Compiling gate devices.
Compiling gate operators.
Building architecture model.
Loading device packaging model 'MBG324'.
Reading design from DB.
Start Generating Programming File...
Reading design from DB takes 0.828125 sec.
Generating architecture configuration.
The bitstream file is "D:/CD_20210223/demo/hdmi-chusai/hdmi_test/generate_bitstream/top.sbit"
Generate programming file takes 23.031250 sec.
Generating Programming File done.
Action gen_bit_stream: Real time elapsed is 33.000 sec
Action gen_bit_stream: CPU time elapsed is 32.953 sec
Current time: Sun Feb 26 18:38:10 2023
Action gen_bit_stream: Peak memory pool usage is 347,123,712 bytes
